<?xml version="1.0" encoding="UTF-8"?>
<testng-results ignored="9" total="10" passed="1" failed="0" skipped="0">
  <reporter-output>
  </reporter-output>
  <suite started-at="2021-05-13T10:27:42 IST" name="Default suite" finished-at="2021-05-13T10:28:23 IST" duration-ms="41755">
    <groups>
    </groups>
    <test started-at="2021-05-13T10:27:42 IST" name="Default test" finished-at="2021-05-13T10:28:23 IST" duration-ms="41755">
      <class name="testrunner.Opencart">
        <test-method is-config="true" signature="setup()[pri:0, instance:testrunner.Opencart@31e5415e]" started-at="2021-05-13T10:27:42 IST" name="setup" finished-at="2021-05-13T10:27:52 IST" duration-ms="10474" status="PASS">
          <reporter-output>
          </reporter-output>
        </test-method> <!-- setup -->
        <test-method signature="TC_10()[pri:10, instance:testrunner.Opencart@31e5415e]" started-at="2021-05-13T10:27:52 IST" name="TC_10" finished-at="2021-05-13T10:28:23 IST" duration-ms="30621" status="PASS">
          <reporter-output>
          </reporter-output>
        </test-method> <!-- TC_10 -->
        <test-method is-config="true" signature="closeDriver()[pri:0, instance:testrunner.Opencart@31e5415e]" started-at="2021-05-13T10:28:23 IST" name="closeDriver" finished-at="2021-05-13T10:28:23 IST" duration-ms="566" status="PASS">
          <reporter-output>
          </reporter-output>
        </test-method> <!-- closeDriver -->
      </class> <!-- testrunner.Opencart -->
    </test> <!-- Default test -->
  </suite> <!-- Default suite -->
</testng-results>
