<?xml version="1.0" encoding="UTF-8"?>
<!-- Generated by org.testng.reporters.JUnitXMLReporter -->
<testsuite ignored="9" hostname="DESKTOP-LNEAN4V" failures="0" tests="1" name="Default test" time="41.755" errors="0" timestamp="2021-05-13T10:28:24 IST">
  <testcase classname="testrunner.Opencart" name="TC_10" time="30.621"/>
  <testcase classname="testrunner.Opencart" name="TC_01" time="0.0">
    <ignored/>
  </testcase> <!-- TC_01 -->
  <testcase classname="testrunner.Opencart" name="TC_08" time="0.0">
    <ignored/>
  </testcase> <!-- TC_08 -->
  <testcase classname="testrunner.Opencart" name="TC_07" time="0.0">
    <ignored/>
  </testcase> <!-- TC_07 -->
  <testcase classname="testrunner.Opencart" name="TC_04" time="0.0">
    <ignored/>
  </testcase> <!-- TC_04 -->
  <testcase classname="testrunner.Opencart" name="TC_09" time="0.0">
    <ignored/>
  </testcase> <!-- TC_09 -->
  <testcase classname="testrunner.Opencart" name="TC_06" time="0.0">
    <ignored/>
  </testcase> <!-- TC_06 -->
  <testcase classname="testrunner.Opencart" name="TC_03" time="0.0">
    <ignored/>
  </testcase> <!-- TC_03 -->
  <testcase classname="testrunner.Opencart" name="TC_05" time="0.0">
    <ignored/>
  </testcase> <!-- TC_05 -->
  <testcase classname="testrunner.Opencart" name="TC_02" time="0.0">
    <ignored/>
  </testcase> <!-- TC_02 -->
</testsuite> <!-- Default test -->
